Mon Nov  6 08:56:21 PST 2017 starting: ansible-playbook cm.yml

PLAY [cluster-master] ****************************************************************************************************************************************************************************************************************************************************************

TASK [Gathering Facts] ***************************************************************************************************************************************************************************************************************************************************************
ok: [ec2-34-209-136-55.us-west-2.compute.amazonaws.com]

TASK [cluster-all : file] ************************************************************************************************************************************************************************************************************************************************************
changed: [ec2-34-209-136-55.us-west-2.compute.amazonaws.com]

TASK [cluster-all : file] ************************************************************************************************************************************************************************************************************************************************************
changed: [ec2-34-209-136-55.us-west-2.compute.amazonaws.com]

TASK [cluster-all : template] ********************************************************************************************************************************************************************************************************************************************************
changed: [ec2-34-209-136-55.us-west-2.compute.amazonaws.com]

TASK [cluster-all : copy] ************************************************************************************************************************************************************************************************************************************************************
changed: [ec2-34-209-136-55.us-west-2.compute.amazonaws.com]

TASK [cluster-all : copy] ************************************************************************************************************************************************************************************************************************************************************
changed: [ec2-34-209-136-55.us-west-2.compute.amazonaws.com]

TASK [conf-manager : Create license app in "master-apps"] ****************************************************************************************************************************************************************************************************************************
changed: [ec2-34-209-136-55.us-west-2.compute.amazonaws.com]

TASK [conf-manager : file] ***********************************************************************************************************************************************************************************************************************************************************
changed: [ec2-34-209-136-55.us-west-2.compute.amazonaws.com]

TASK [conf-manager : template] *******************************************************************************************************************************************************************************************************************************************************
changed: [ec2-34-209-136-55.us-west-2.compute.amazonaws.com]

TASK [conf-manager : copy] ***********************************************************************************************************************************************************************************************************************************************************
changed: [ec2-34-209-136-55.us-west-2.compute.amazonaws.com]

TASK [conf-manager : copy] ***********************************************************************************************************************************************************************************************************************************************************
changed: [ec2-34-209-136-55.us-west-2.compute.amazonaws.com]

TASK [conf-manager : Create app for collectd hec input in "master-apps"] *************************************************************************************************************************************************************************************************************
changed: [ec2-34-209-136-55.us-west-2.compute.amazonaws.com]

TASK [conf-manager : file] ***********************************************************************************************************************************************************************************************************************************************************
changed: [ec2-34-209-136-55.us-west-2.compute.amazonaws.com]

TASK [conf-manager : template] *******************************************************************************************************************************************************************************************************************************************************
changed: [ec2-34-209-136-55.us-west-2.compute.amazonaws.com]

TASK [conf-manager : copy] ***********************************************************************************************************************************************************************************************************************************************************
changed: [ec2-34-209-136-55.us-west-2.compute.amazonaws.com]

TASK [conf-manager : copy] ***********************************************************************************************************************************************************************************************************************************************************
changed: [ec2-34-209-136-55.us-west-2.compute.amazonaws.com]

TASK [conf-manager : Create indexes_all app in "master-apps"] ************************************************************************************************************************************************************************************************************************
changed: [ec2-34-209-136-55.us-west-2.compute.amazonaws.com]

TASK [conf-manager : file] ***********************************************************************************************************************************************************************************************************************************************************
changed: [ec2-34-209-136-55.us-west-2.compute.amazonaws.com]

TASK [conf-manager : copy] ***********************************************************************************************************************************************************************************************************************************************************
changed: [ec2-34-209-136-55.us-west-2.compute.amazonaws.com]

TASK [conf-manager : copy] ***********************************************************************************************************************************************************************************************************************************************************
changed: [ec2-34-209-136-55.us-west-2.compute.amazonaws.com]

TASK [conf-manager : copy] ***********************************************************************************************************************************************************************************************************************************************************
changed: [ec2-34-209-136-55.us-west-2.compute.amazonaws.com]

TASK [conf-manager : Create fwd_full_outputs app in "apps"] **************************************************************************************************************************************************************************************************************************
changed: [ec2-34-209-136-55.us-west-2.compute.amazonaws.com]

TASK [conf-manager : file] ***********************************************************************************************************************************************************************************************************************************************************
changed: [ec2-34-209-136-55.us-west-2.compute.amazonaws.com]

TASK [conf-manager : template] *******************************************************************************************************************************************************************************************************************************************************
changed: [ec2-34-209-136-55.us-west-2.compute.amazonaws.com]

TASK [conf-manager : copy] ***********************************************************************************************************************************************************************************************************************************************************
changed: [ec2-34-209-136-55.us-west-2.compute.amazonaws.com]

TASK [conf-manager : copy] ***********************************************************************************************************************************************************************************************************************************************************
changed: [ec2-34-209-136-55.us-west-2.compute.amazonaws.com]

TASK [conf-manager : ensure git is installed] ****************************************************************************************************************************************************************************************************************************************
changed: [ec2-34-209-136-55.us-west-2.compute.amazonaws.com]

TASK [conf-manager : git download - adding eventgen app to master-apps dir] **********************************************************************************************************************************************************************************************************
changed: [ec2-34-209-136-55.us-west-2.compute.amazonaws.com]

TASK [conf-manager : Extract Splunk_TA_squid.tgz to "master-apps"] *******************************************************************************************************************************************************************************************************************
changed: [ec2-34-209-136-55.us-west-2.compute.amazonaws.com]

TASK [cluster-master : Add indexes.conf to _cluster app] *****************************************************************************************************************************************************************************************************************************
changed: [ec2-34-209-136-55.us-west-2.compute.amazonaws.com]

TASK [cluster-master : file] *********************************************************************************************************************************************************************************************************************************************************
changed: [ec2-34-209-136-55.us-west-2.compute.amazonaws.com]

TASK [cluster-master : file] *********************************************************************************************************************************************************************************************************************************************************
changed: [ec2-34-209-136-55.us-west-2.compute.amazonaws.com]

TASK [cluster-master : template] *****************************************************************************************************************************************************************************************************************************************************
changed: [ec2-34-209-136-55.us-west-2.compute.amazonaws.com]

TASK [cluster-master : copy] *********************************************************************************************************************************************************************************************************************************************************
changed: [ec2-34-209-136-55.us-west-2.compute.amazonaws.com]

TASK [cluster-master : copy] *********************************************************************************************************************************************************************************************************************************************************
changed: [ec2-34-209-136-55.us-west-2.compute.amazonaws.com]

TASK [cluster-master : file] *********************************************************************************************************************************************************************************************************************************************************
changed: [ec2-34-209-136-55.us-west-2.compute.amazonaws.com]

TASK [cluster-master : file] *********************************************************************************************************************************************************************************************************************************************************
changed: [ec2-34-209-136-55.us-west-2.compute.amazonaws.com]

TASK [cluster-master : copy] *********************************************************************************************************************************************************************************************************************************************************
changed: [ec2-34-209-136-55.us-west-2.compute.amazonaws.com]

TASK [cluster-master : copy] *********************************************************************************************************************************************************************************************************************************************************
changed: [ec2-34-209-136-55.us-west-2.compute.amazonaws.com]

TASK [cluster-master : copy] *********************************************************************************************************************************************************************************************************************************************************
changed: [ec2-34-209-136-55.us-west-2.compute.amazonaws.com]

TASK [cluster-master : copy] *********************************************************************************************************************************************************************************************************************************************************
changed: [ec2-34-209-136-55.us-west-2.compute.amazonaws.com]

TASK [cluster-master : copy] *********************************************************************************************************************************************************************************************************************************************************
changed: [ec2-34-209-136-55.us-west-2.compute.amazonaws.com]

TASK [cluster-master : file] *********************************************************************************************************************************************************************************************************************************************************
ok: [ec2-34-209-136-55.us-west-2.compute.amazonaws.com]

TASK [cluster-master : file] *********************************************************************************************************************************************************************************************************************************************************
ok: [ec2-34-209-136-55.us-west-2.compute.amazonaws.com]

TASK [cluster-master : copy] *********************************************************************************************************************************************************************************************************************************************************
ok: [ec2-34-209-136-55.us-west-2.compute.amazonaws.com]

TASK [cluster-master : copy] *********************************************************************************************************************************************************************************************************************************************************
ok: [ec2-34-209-136-55.us-west-2.compute.amazonaws.com]

TASK [cluster-master : copy] *********************************************************************************************************************************************************************************************************************************************************
ok: [ec2-34-209-136-55.us-west-2.compute.amazonaws.com]

TASK [cluster-master : copy] *********************************************************************************************************************************************************************************************************************************************************
ok: [ec2-34-209-136-55.us-west-2.compute.amazonaws.com]

TASK [cluster-master : copy] *********************************************************************************************************************************************************************************************************************************************************
ok: [ec2-34-209-136-55.us-west-2.compute.amazonaws.com]

TASK [cluster-master : file] *********************************************************************************************************************************************************************************************************************************************************
changed: [ec2-34-209-136-55.us-west-2.compute.amazonaws.com]

TASK [cluster-master : Create enterprise license directory] **************************************************************************************************************************************************************************************************************************
changed: [ec2-34-209-136-55.us-west-2.compute.amazonaws.com]

TASK [cluster-master : Install Splunk license] ***************************************************************************************************************************************************************************************************************************************
changed: [ec2-34-209-136-55.us-west-2.compute.amazonaws.com]

TASK [cluster-master : Restarted Splunk service] *************************************************************************************************************************************************************************************************************************************
changed: [ec2-34-209-136-55.us-west-2.compute.amazonaws.com]

TASK [cluster-master : Restarted reload cluster master] ******************************************************************************************************************************************************************************************************************************
changed: [ec2-34-209-136-55.us-west-2.compute.amazonaws.com]

PLAY RECAP ***************************************************************************************************************************************************************************************************************************************************************************
ec2-34-209-136-55.us-west-2.compute.amazonaws.com : ok=54   changed=46   unreachable=0    failed=0   

Mon Nov  6 08:58:49 PST 2017 completed: ansible-playbook cm.yml
