Thu Nov  2 11:02:04 PDT 2017 starting: ansible-playbook common.yml

PLAY [cluster-master] ****************************************************************************************************************************************************************************************************************************************************************

TASK [Gathering Facts] ***************************************************************************************************************************************************************************************************************************************************************
ok: [ec2-54-202-64-64.us-west-2.compute.amazonaws.com]

TASK [common : Wait for SSH to come up] **********************************************************************************************************************************************************************************************************************************************
ok: [ec2-54-202-64-64.us-west-2.compute.amazonaws.com]

TASK [common : Create splunk group] **************************************************************************************************************************************************************************************************************************************************
changed: [ec2-54-202-64-64.us-west-2.compute.amazonaws.com]

TASK [common : Create splunk user] ***************************************************************************************************************************************************************************************************************************************************
changed: [ec2-54-202-64-64.us-west-2.compute.amazonaws.com]

TASK [common : Set nofile soft limit for splunk user] ********************************************************************************************************************************************************************************************************************************
changed: [ec2-54-202-64-64.us-west-2.compute.amazonaws.com]

TASK [common : Set nofile hard limit for splunk user] ********************************************************************************************************************************************************************************************************************************
changed: [ec2-54-202-64-64.us-west-2.compute.amazonaws.com]

TASK [common : Set nproc soft limit for splunk user] *********************************************************************************************************************************************************************************************************************************
changed: [ec2-54-202-64-64.us-west-2.compute.amazonaws.com]

TASK [common : Set nproc hard limit for splunk user] *********************************************************************************************************************************************************************************************************************************
changed: [ec2-54-202-64-64.us-west-2.compute.amazonaws.com]

TASK [common : Set data soft limit for splunk user] **********************************************************************************************************************************************************************************************************************************
changed: [ec2-54-202-64-64.us-west-2.compute.amazonaws.com]

TASK [common : Set data hard limit for splunk user] **********************************************************************************************************************************************************************************************************************************
changed: [ec2-54-202-64-64.us-west-2.compute.amazonaws.com]

TASK [common : checking systemd directory status] ************************************************************************************************************************************************************************************************************************************
ok: [ec2-54-202-64-64.us-west-2.compute.amazonaws.com]

TASK [common : systemd dir exists, creating filelimit.conf] **************************************************************************************************************************************************************************************************************************
skipping: [ec2-54-202-64-64.us-west-2.compute.amazonaws.com]

TASK [common : copy] *****************************************************************************************************************************************************************************************************************************************************************
skipping: [ec2-54-202-64-64.us-west-2.compute.amazonaws.com]

TASK [common : add thp disable script to init.d] *************************************************************************************************************************************************************************************************************************************
changed: [ec2-54-202-64-64.us-west-2.compute.amazonaws.com]

TASK [common : enable thp disable script to run at level 3] **************************************************************************************************************************************************************************************************************************
changed: [ec2-54-202-64-64.us-west-2.compute.amazonaws.com]

TASK [common : download Splunk] ******************************************************************************************************************************************************************************************************************************************************
changed: [ec2-54-202-64-64.us-west-2.compute.amazonaws.com]

TASK [common : Untar Splunk package] *************************************************************************************************************************************************************************************************************************************************
changed: [ec2-54-202-64-64.us-west-2.compute.amazonaws.com]

TASK [common : Chown SPLUNK_HOME as Splunk user] *************************************************************************************************************************************************************************************************************************************
changed: [ec2-54-202-64-64.us-west-2.compute.amazonaws.com]

TASK [common : enable Splunk boot-start] *********************************************************************************************************************************************************************************************************************************************
changed: [ec2-54-202-64-64.us-west-2.compute.amazonaws.com]

TASK [common : Start Splunk service] *************************************************************************************************************************************************************************************************************************************************
changed: [ec2-54-202-64-64.us-west-2.compute.amazonaws.com]

TASK [common : Changing Splunk default admin password] *******************************************************************************************************************************************************************************************************************************
changed: [ec2-54-202-64-64.us-west-2.compute.amazonaws.com]

TASK [common : Setting default password changed flag] ********************************************************************************************************************************************************************************************************************************
changed: [ec2-54-202-64-64.us-west-2.compute.amazonaws.com]

TASK [common : Restarted Splunk service] *********************************************************************************************************************************************************************************************************************************************
changed: [ec2-54-202-64-64.us-west-2.compute.amazonaws.com]

PLAY [indexers] **********************************************************************************************************************************************************************************************************************************************************************

TASK [Gathering Facts] ***************************************************************************************************************************************************************************************************************************************************************
ok: [ec2-34-209-219-9.us-west-2.compute.amazonaws.com]
ok: [ec2-34-209-40-155.us-west-2.compute.amazonaws.com]
ok: [ec2-34-223-249-74.us-west-2.compute.amazonaws.com]

TASK [common : Wait for SSH to come up] **********************************************************************************************************************************************************************************************************************************************
ok: [ec2-34-209-40-155.us-west-2.compute.amazonaws.com]
ok: [ec2-34-209-219-9.us-west-2.compute.amazonaws.com]
ok: [ec2-34-223-249-74.us-west-2.compute.amazonaws.com]

TASK [common : Create splunk group] **************************************************************************************************************************************************************************************************************************************************
changed: [ec2-34-209-40-155.us-west-2.compute.amazonaws.com]
changed: [ec2-34-209-219-9.us-west-2.compute.amazonaws.com]
changed: [ec2-34-223-249-74.us-west-2.compute.amazonaws.com]

TASK [common : Create splunk user] ***************************************************************************************************************************************************************************************************************************************************
changed: [ec2-34-209-219-9.us-west-2.compute.amazonaws.com]
changed: [ec2-34-223-249-74.us-west-2.compute.amazonaws.com]
changed: [ec2-34-209-40-155.us-west-2.compute.amazonaws.com]

TASK [common : Set nofile soft limit for splunk user] ********************************************************************************************************************************************************************************************************************************
changed: [ec2-34-209-40-155.us-west-2.compute.amazonaws.com]
changed: [ec2-34-223-249-74.us-west-2.compute.amazonaws.com]
changed: [ec2-34-209-219-9.us-west-2.compute.amazonaws.com]

TASK [common : Set nofile hard limit for splunk user] ********************************************************************************************************************************************************************************************************************************
changed: [ec2-34-209-40-155.us-west-2.compute.amazonaws.com]
changed: [ec2-34-223-249-74.us-west-2.compute.amazonaws.com]
changed: [ec2-34-209-219-9.us-west-2.compute.amazonaws.com]

TASK [common : Set nproc soft limit for splunk user] *********************************************************************************************************************************************************************************************************************************
changed: [ec2-34-209-40-155.us-west-2.compute.amazonaws.com]
changed: [ec2-34-223-249-74.us-west-2.compute.amazonaws.com]
changed: [ec2-34-209-219-9.us-west-2.compute.amazonaws.com]

TASK [common : Set nproc hard limit for splunk user] *********************************************************************************************************************************************************************************************************************************
changed: [ec2-34-209-40-155.us-west-2.compute.amazonaws.com]
changed: [ec2-34-209-219-9.us-west-2.compute.amazonaws.com]
changed: [ec2-34-223-249-74.us-west-2.compute.amazonaws.com]

TASK [common : Set data soft limit for splunk user] **********************************************************************************************************************************************************************************************************************************
changed: [ec2-34-209-40-155.us-west-2.compute.amazonaws.com]
changed: [ec2-34-209-219-9.us-west-2.compute.amazonaws.com]
changed: [ec2-34-223-249-74.us-west-2.compute.amazonaws.com]

TASK [common : Set data hard limit for splunk user] **********************************************************************************************************************************************************************************************************************************
changed: [ec2-34-209-219-9.us-west-2.compute.amazonaws.com]
changed: [ec2-34-209-40-155.us-west-2.compute.amazonaws.com]
changed: [ec2-34-223-249-74.us-west-2.compute.amazonaws.com]

TASK [common : checking systemd directory status] ************************************************************************************************************************************************************************************************************************************
ok: [ec2-34-209-40-155.us-west-2.compute.amazonaws.com]
ok: [ec2-34-209-219-9.us-west-2.compute.amazonaws.com]
ok: [ec2-34-223-249-74.us-west-2.compute.amazonaws.com]

TASK [common : systemd dir exists, creating filelimit.conf] **************************************************************************************************************************************************************************************************************************
skipping: [ec2-34-209-40-155.us-west-2.compute.amazonaws.com]
skipping: [ec2-34-209-219-9.us-west-2.compute.amazonaws.com]
skipping: [ec2-34-223-249-74.us-west-2.compute.amazonaws.com]

TASK [common : copy] *****************************************************************************************************************************************************************************************************************************************************************
skipping: [ec2-34-209-40-155.us-west-2.compute.amazonaws.com]
skipping: [ec2-34-209-219-9.us-west-2.compute.amazonaws.com]
skipping: [ec2-34-223-249-74.us-west-2.compute.amazonaws.com]

TASK [common : add thp disable script to init.d] *************************************************************************************************************************************************************************************************************************************
changed: [ec2-34-223-249-74.us-west-2.compute.amazonaws.com]
changed: [ec2-34-209-219-9.us-west-2.compute.amazonaws.com]
changed: [ec2-34-209-40-155.us-west-2.compute.amazonaws.com]

TASK [common : enable thp disable script to run at level 3] **************************************************************************************************************************************************************************************************************************
changed: [ec2-34-209-40-155.us-west-2.compute.amazonaws.com]
changed: [ec2-34-209-219-9.us-west-2.compute.amazonaws.com]
changed: [ec2-34-223-249-74.us-west-2.compute.amazonaws.com]

TASK [common : download Splunk] ******************************************************************************************************************************************************************************************************************************************************
changed: [ec2-34-209-219-9.us-west-2.compute.amazonaws.com]
changed: [ec2-34-223-249-74.us-west-2.compute.amazonaws.com]
changed: [ec2-34-209-40-155.us-west-2.compute.amazonaws.com]

TASK [common : Untar Splunk package] *************************************************************************************************************************************************************************************************************************************************
changed: [ec2-34-223-249-74.us-west-2.compute.amazonaws.com]
changed: [ec2-34-209-219-9.us-west-2.compute.amazonaws.com]
changed: [ec2-34-209-40-155.us-west-2.compute.amazonaws.com]

TASK [common : Chown SPLUNK_HOME as Splunk user] *************************************************************************************************************************************************************************************************************************************
changed: [ec2-34-223-249-74.us-west-2.compute.amazonaws.com]
changed: [ec2-34-209-40-155.us-west-2.compute.amazonaws.com]
changed: [ec2-34-209-219-9.us-west-2.compute.amazonaws.com]

TASK [common : enable Splunk boot-start] *********************************************************************************************************************************************************************************************************************************************
changed: [ec2-34-209-219-9.us-west-2.compute.amazonaws.com]
changed: [ec2-34-223-249-74.us-west-2.compute.amazonaws.com]
changed: [ec2-34-209-40-155.us-west-2.compute.amazonaws.com]

TASK [common : Start Splunk service] *************************************************************************************************************************************************************************************************************************************************
changed: [ec2-34-209-40-155.us-west-2.compute.amazonaws.com]
changed: [ec2-34-223-249-74.us-west-2.compute.amazonaws.com]
changed: [ec2-34-209-219-9.us-west-2.compute.amazonaws.com]

TASK [common : Changing Splunk default admin password] *******************************************************************************************************************************************************************************************************************************
changed: [ec2-34-209-40-155.us-west-2.compute.amazonaws.com]
changed: [ec2-34-223-249-74.us-west-2.compute.amazonaws.com]
changed: [ec2-34-209-219-9.us-west-2.compute.amazonaws.com]

TASK [common : Setting default password changed flag] ********************************************************************************************************************************************************************************************************************************
changed: [ec2-34-223-249-74.us-west-2.compute.amazonaws.com]
changed: [ec2-34-209-40-155.us-west-2.compute.amazonaws.com]
changed: [ec2-34-209-219-9.us-west-2.compute.amazonaws.com]

TASK [common : Restarted Splunk service] *********************************************************************************************************************************************************************************************************************************************
changed: [ec2-34-223-249-74.us-west-2.compute.amazonaws.com]
changed: [ec2-34-209-219-9.us-west-2.compute.amazonaws.com]
changed: [ec2-34-209-40-155.us-west-2.compute.amazonaws.com]

PLAY RECAP ***************************************************************************************************************************************************************************************************************************************************************************
ec2-34-209-219-9.us-west-2.compute.amazonaws.com : ok=21   changed=18   unreachable=0    failed=0   
ec2-34-209-40-155.us-west-2.compute.amazonaws.com : ok=21   changed=18   unreachable=0    failed=0   
ec2-34-223-249-74.us-west-2.compute.amazonaws.com : ok=21   changed=18   unreachable=0    failed=0   
ec2-54-202-64-64.us-west-2.compute.amazonaws.com : ok=21   changed=18   unreachable=0    failed=0   

Thu Nov  2 11:06:55 PDT 2017 completed: ansible-playbook aws.yml
